============================= test session starts ==============================
platform linux -- Python 3.13.7, pytest-9.0.1, pluggy-1.6.0 -- /home/marcin/Projekty/ParagonOCR/venv/bin/python
cachedir: .pytest_cache
benchmark: 5.2.3 (defaults: timer=time.perf_counter disable_gc=False min_rounds=5 min_time=0.000005 max_time=1.0 calibration_precision=10 warmup=False warmup_iterations=100000)
rootdir: /home/marcin/Projekty/ParagonOCR/tests
configfile: pytest.ini
plugins: anyio-4.11.0, cov-7.0.0, benchmark-5.2.3, asyncio-1.3.0
asyncio: mode=Mode.AUTO, debug=False, asyncio_default_fixture_loop_scope=None, asyncio_default_test_loop_scope=function
collecting ... collected 159 items / 2 errors

==================================== ERRORS ====================================
_____________________ ERROR collecting test_integration.py _____________________
ImportError while importing test module '/home/marcin/Projekty/ParagonOCR/tests/test_integration.py'.
Hint: make sure your test modules/packages have valid Python names.
Traceback:
venv/lib/python3.13/site-packages/_pytest/python.py:507: in importtestmodule
    mod = import_path(
venv/lib/python3.13/site-packages/_pytest/pathlib.py:587: in import_path
    importlib.import_module(module_name)
/usr/lib/python3.13/importlib/__init__.py:88: in import_module
    return _bootstrap._gcd_import(name[level:], package, level)
           ^^^^^^^^^^^^^^^^^^^^^^^^^^^^^^^^^^^^^^^^^^^^^^^^^^^^
<frozen importlib._bootstrap>:1387: in _gcd_import
    ???
<frozen importlib._bootstrap>:1360: in _find_and_load
    ???
<frozen importlib._bootstrap>:1331: in _find_and_load_unlocked
    ???
<frozen importlib._bootstrap>:935: in _load_unlocked
    ???
venv/lib/python3.13/site-packages/_pytest/assertion/rewrite.py:197: in exec_module
    exec(co, module.__dict__)
tests/test_integration.py:12: in <module>
    from src.main import verify_math_consistency
E   ImportError: cannot import name 'verify_math_consistency' from 'src.main' (/home/marcin/Projekty/ParagonOCR/tests/e2e/../../ReceiptParser/src/main.py)
__________________ ERROR collecting test_math_verification.py __________________
ImportError while importing test module '/home/marcin/Projekty/ParagonOCR/tests/test_math_verification.py'.
Hint: make sure your test modules/packages have valid Python names.
Traceback:
venv/lib/python3.13/site-packages/_pytest/python.py:507: in importtestmodule
    mod = import_path(
venv/lib/python3.13/site-packages/_pytest/pathlib.py:587: in import_path
    importlib.import_module(module_name)
/usr/lib/python3.13/importlib/__init__.py:88: in import_module
    return _bootstrap._gcd_import(name[level:], package, level)
           ^^^^^^^^^^^^^^^^^^^^^^^^^^^^^^^^^^^^^^^^^^^^^^^^^^^^
<frozen importlib._bootstrap>:1387: in _gcd_import
    ???
<frozen importlib._bootstrap>:1360: in _find_and_load
    ???
<frozen importlib._bootstrap>:1331: in _find_and_load_unlocked
    ???
<frozen importlib._bootstrap>:935: in _load_unlocked
    ???
venv/lib/python3.13/site-packages/_pytest/assertion/rewrite.py:197: in exec_module
    exec(co, module.__dict__)
tests/test_math_verification.py:10: in <module>
    from src.main import verify_math_consistency
E   ImportError: cannot import name 'verify_math_consistency' from 'src.main' (/home/marcin/Projekty/ParagonOCR/tests/e2e/../../ReceiptParser/src/main.py)
=========================== short test summary info ============================
ERROR tests/test_integration.py
ERROR tests/test_math_verification.py
!!!!!!!!!!!!!!!!!!! Interrupted: 2 errors during collection !!!!!!!!!!!!!!!!!!!!
========================= 1 warning, 2 errors in 1.00s =========================
